2026-04-01 12:24:11,982 - INFO - Training model: logistic_regression
2026-04-01 12:24:12,191 - INFO - logistic_regression Validation F1: 0.8323699421965318
2026-04-01 12:24:12,191 - INFO - logistic_regression Test F1: 0.8310679611650486
2026-04-01 12:24:12,194 - INFO - Training model: random_forest
2026-04-01 12:24:14,327 - INFO - random_forest Validation F1: 0.8615725359911407
2026-04-01 12:24:14,327 - INFO - random_forest Test F1: 0.8464017185821697
2026-04-01 12:24:14,327 - INFO - Training model: gradient_boosting
2026-04-01 12:24:18,634 - INFO - gradient_boosting Validation F1: 0.8457142857142858
2026-04-01 12:24:18,636 - INFO - gradient_boosting Test F1: 0.8404840484048405
2026-04-01 12:24:18,696 - INFO - Best model selected: random_forest
2026-04-01 12:24:37,284 - INFO - Training model: logistic_regression
2026-04-01 12:24:37,396 - INFO - logistic_regression Validation F1: 0.8323699421965318
2026-04-01 12:24:37,396 - INFO - logistic_regression Test F1: 0.8310679611650486
2026-04-01 12:24:37,396 - INFO - Training model: random_forest
2026-04-01 12:24:39,114 - INFO - random_forest Validation F1: 0.8615725359911407
2026-04-01 12:24:39,114 - INFO - random_forest Test F1: 0.8464017185821697
2026-04-01 12:24:39,114 - INFO - Training model: gradient_boosting
2026-04-01 12:24:42,524 - INFO - gradient_boosting Validation F1: 0.8457142857142858
2026-04-01 12:24:42,524 - INFO - gradient_boosting Test F1: 0.8404840484048405
2026-04-01 12:24:42,561 - INFO - Best model selected: random_forest
2026-04-01 12:33:24,313 - INFO - Training model: logistic_regression
2026-04-01 12:33:48,072 - INFO - Training model: logistic_regression
2026-04-01 12:33:48,211 - INFO - logistic_regression Validation F1: 0.8323699421965318
2026-04-01 12:33:48,211 - INFO - logistic_regression Test F1: 0.8310679611650486
2026-04-01 12:33:48,211 - INFO - Training model: random_forest
2026-04-01 12:33:50,137 - INFO - random_forest Validation F1: 0.8615725359911407
2026-04-01 12:33:50,137 - INFO - random_forest Test F1: 0.8464017185821697
2026-04-01 12:33:50,138 - INFO - Training model: gradient_boosting
2026-04-01 12:33:54,213 - INFO - gradient_boosting Validation F1: 0.8457142857142858
2026-04-01 12:33:54,213 - INFO - gradient_boosting Test F1: 0.8404840484048405
2026-04-01 12:33:54,271 - INFO - Best model selected: random_forest
2026-04-01 12:34:15,476 - INFO - Training model: logistic_regression
2026-04-01 12:34:15,577 - INFO - logistic_regression Validation F1: 0.8323699421965318
2026-04-01 12:34:15,577 - INFO - logistic_regression Test F1: 0.8310679611650486
2026-04-01 12:34:15,577 - INFO - Training model: random_forest
2026-04-01 12:34:17,289 - INFO - random_forest Validation F1: 0.8615725359911407
2026-04-01 12:34:17,289 - INFO - random_forest Test F1: 0.8464017185821697
2026-04-01 12:34:17,289 - INFO - Training model: gradient_boosting
2026-04-01 12:34:20,721 - INFO - gradient_boosting Validation F1: 0.8457142857142858
2026-04-01 12:34:20,721 - INFO - gradient_boosting Test F1: 0.8404840484048405
2026-04-01 12:34:20,755 - INFO - Best model selected: random_forest
